<?xml version="1.0" encoding="UTF-8"?>
<!-- Generated by org.testng.reporters.JUnitReportReporter -->
<testsuite hostname="DESKTOP-DDKM1BA" failures="0" tests="2" name="TDT.Tests.LoginTest" time="23.987" errors="0" timestamp="2023-08-15T13:58:45 ICT" skipped="0">
  <testcase classname="TDT.Tests.LoginTest" name="LoginSucces" time="9.765"/>
  <testcase classname="TDT.Tests.LoginTest" name="LoginSucces" time="14.222"/>
</testsuite> <!-- TDT.Tests.LoginTest -->
