<?xml version="1.0" encoding="UTF-8"?>
<!-- Generated by org.testng.reporters.JUnitReportReporter -->
<testsuite hostname="DESKTOP-DDKM1BA" failures="0" tests="1" name="cucumber.TestNGTestRunner" time="26.640" errors="0" timestamp="2023-08-16T12:19:07 ICT" skipped="0">
  <testcase classname="cucumber.TestNGTestRunner" name="runScenario" time="26.640"/>
</testsuite> <!-- cucumber.TestNGTestRunner -->
