<?xml version="1.0" encoding="UTF-8"?>
<!-- Generated by org.testng.reporters.JUnitReportReporter -->
<testsuite hostname="DESKTOP-DDKM1BA" failures="0" tests="2" name="TDT.Tests.LoginTest" time="23.849" errors="0" timestamp="2023-08-13T22:04:49 ICT" skipped="0">
  <testcase classname="TDT.Tests.LoginTest" name="LoginSucces" time="10.902"/>
  <testcase classname="TDT.Tests.LoginTest" name="LoginSucces" time="12.947"/>
</testsuite> <!-- TDT.Tests.LoginTest -->
