<?xml version="1.0" encoding="UTF-8"?>
<!-- Generated by org.testng.reporters.JUnitReportReporter -->
<testsuite hostname="DESKTOP-DDKM1BA" failures="0" tests="1" name="TDT.excelDataProvider.excel" time="0.794" errors="0" timestamp="2023-08-16T16:40:55 ICT" skipped="0">
  <testcase classname="TDT.excelDataProvider.excel" name="getExcel" time="0.794"/>
</testsuite> <!-- TDT.excelDataProvider.excel -->
