<?xml version="1.0" encoding="UTF-8"?>
<!-- Generated by org.testng.reporters.JUnitReportReporter -->
<testsuite hostname="DESKTOP-DDKM1BA" failures="0" tests="2" name="TDT.excelDataProvider.dataProvide" time="24.276" errors="0" timestamp="2023-08-16T17:00:25 ICT" skipped="0">
  <testcase classname="TDT.excelDataProvider.dataProvide" name="login_With_Excel_Data" time="13.631"/>
  <testcase classname="TDT.excelDataProvider.dataProvide" name="login_With_Excel_Data" time="10.645"/>
</testsuite> <!-- TDT.excelDataProvider.dataProvide -->
