<?xml version="1.0" encoding="UTF-8"?>
<!-- Generated by org.testng.reporters.JUnitReportReporter -->
<testsuite hostname="DESKTOP-DDKM1BA" failures="0" tests="2" name="TDT.Tests.ErrorValidationsTest" time="47.209" errors="0" timestamp="2023-08-15T08:56:40 ICT" skipped="1">
  <testcase classname="TDT.Tests.ErrorValidationsTest" name="errorValidationLogin" time="35.423">
    <skipped/>
  </testcase> <!-- errorValidationLogin -->
  <testcase classname="TDT.Tests.ErrorValidationsTest" name="errorValidationLogin" time="11.786"/>
</testsuite> <!-- TDT.Tests.ErrorValidationsTest -->
