<?xml version="1.0" encoding="UTF-8"?>
<!-- Generated by org.testng.reporters.JUnitReportReporter -->
<testsuite hostname="DESKTOP-DDKM1BA" failures="0" tests="1" name="TDT.Tests.ErrorValidations" time="11.725" errors="0" timestamp="2023-08-13T11:10:04 ICT" skipped="0">
  <testcase classname="TDT.Tests.ErrorValidations" name="createNew" time="11.725"/>
</testsuite> <!-- TDT.Tests.ErrorValidations -->
