<?xml version="1.0" encoding="UTF-8"?>
<!-- Generated by org.testng.reporters.JUnitReportReporter -->
<testsuite hostname="DESKTOP-DDKM1BA" failures="0" tests="1" name="cucumber.TestNGTestRunner" time="13.041" errors="0" timestamp="2023-08-16T10:53:30 ICT" skipped="0">
  <testcase classname="cucumber.TestNGTestRunner" name="runScenario" time="13.041"/>
</testsuite> <!-- cucumber.TestNGTestRunner -->
